2017-02-02T06:41:22.407Z - normal: Load ~/.CocosCreator/settings.json
2017-02-02T06:41:22.415Z - normal: checking language setting...
2017-02-02T06:41:22.416Z - normal: Language: zh
2017-02-02T06:41:23.586Z - success: protocol editor-framework registered
2017-02-02T06:41:23.586Z - success: protocol app registered
2017-02-02T06:41:23.586Z - success: protocol packages registered
2017-02-02T06:41:23.586Z - success: protocol theme registered
2017-02-02T06:41:23.587Z - success: protocol unpack registerred
2017-02-02T06:41:23.766Z - normal: connected!
2017-02-02T06:41:23.770Z - normal: Check project E:\workspace\CocosCreater\start_project
2017-02-02T06:41:23.775Z - normal: Initializing Cocos Creator Editor
2017-02-02T06:41:24.682Z - normal: Initializing Cocos2d
2017-02-02T06:41:25.001Z - normal: Initializing Asset Database
2017-02-02T06:41:25.201Z - success: protocol uuid registerred
2017-02-02T06:41:25.201Z - success: protocol db registerred
2017-02-02T06:41:25.201Z - success: protocol thumbnail registerred
2017-02-02T06:41:25.202Z - normal: Loading editor/builtin packages
2017-02-02T06:41:25.463Z - success: assets loaded
2017-02-02T06:41:25.466Z - success: builder loaded
2017-02-02T06:41:25.471Z - success: hierarchy loaded
2017-02-02T06:41:25.475Z - success: inspector loaded
2017-02-02T06:41:25.477Z - success: keystore loaded
2017-02-02T06:41:25.482Z - success: node-library loaded
2017-02-02T06:41:25.486Z - success: preferences loaded
2017-02-02T06:41:25.507Z - success: project-importer loaded
2017-02-02T06:41:25.510Z - success: project-settings loaded
2017-02-02T06:41:25.513Z - success: ui-kit loaded
2017-02-02T06:41:25.524Z - success: ui-grid loaded
2017-02-02T06:41:25.538Z - success: scene loaded
2017-02-02T06:41:25.540Z - success: sprite-editor loaded
2017-02-02T06:41:25.548Z - success: timeline loaded
2017-02-02T06:41:25.548Z - normal: Loading builtin packages
2017-02-02T06:41:25.558Z - success: asset-db-debugger loaded
2017-02-02T06:41:25.561Z - success: code-editor loaded
2017-02-02T06:41:25.562Z - success: color-picker loaded
2017-02-02T06:41:25.566Z - success: console loaded
2017-02-02T06:41:25.569Z - success: package-manager loaded
2017-02-02T06:41:25.574Z - success: tester loaded
2017-02-02T06:41:25.577Z - success: ui-kit-preview-extra loaded
2017-02-02T06:41:25.580Z - success: ui-kit-preview loaded
2017-02-02T06:41:25.582Z - success: ui-tree loaded
2017-02-02T06:41:25.647Z - normal: Initializing project E:\workspace\CocosCreater\start_project
2017-02-02T06:41:25.652Z - normal: Loading packages
2017-02-02T06:41:25.659Z - normal: Watching packages
2017-02-02T06:41:25.692Z - normal: Run Application
2017-02-02T06:41:27.175Z - failed: [db-task][init] Failed to import asset E:\workspace\CocosCreater\start_project\assets\Scripts\Player.js, message: Compile error: SyntaxError: unknown: Unexpected token (26:4)
    }
    // use this for initialization
    onLoad: function () {

    },

    at Parser.pp.raise (E:\Program Files\CocosCreater\CocosCreator\resources\app.asar\node_modules\babylon\lib\parser\location.js:24:13)
    at Parser.pp.unexpected (E:\Program Files\CocosCreater\CocosCreator\resources\app.asar\node_modules\babylon\lib\parser\util.js:82:8)
    at Parser.pp.expect (E:\Program Files\CocosCreater\CocosCreator\resources\app.asar\node_modules\babylon\lib\parser\util.js:76:33)
    at Parser.pp.parseObj (E:\Program Files\CocosCreater\CocosCreator\resources\app.asar\node_modules\babylon\lib\parser\expression.js:596:12)
    at Parser.pp.parseExprAtom (E:\Program Files\CocosCreater\CocosCreator\resources\app.asar\node_modules\babylon\lib\parser\expression.js:392:19)
    at Parser.parseExprAtom (E:\Program Files\CocosCreater\CocosCreator\resources\app.asar\node_modules\babylon\lib\plugins\jsx\index.js:412:22)
    at Parser.pp.parseExprSubscripts (E:\Program Files\CocosCreater\CocosCreator\resources\app.asar\node_modules\babylon\lib\parser\expression.js:236:19)
    at Parser.pp.parseMaybeUnary (E:\Program Files\CocosCreater\CocosCreator\resources\app.asar\node_modules\babylon\lib\parser\expression.js:217:19)
    at Parser.pp.parseExprOps (E:\Program Files\CocosCreater\CocosCreator\resources\app.asar\node_modules\babylon\lib\parser\expression.js:163:19)
    at Parser.pp.parseMaybeConditional (E:\Program Files\CocosCreater\CocosCreator\resources\app.asar\node_modules\babylon\lib\parser\expression.js:145:19)
2017-02-02T06:41:28.098Z - success: preview server running at http://localhost:7456
2017-02-02T06:41:34.934Z - normal: 1.3.3
2017-02-02T06:51:03.342Z - error: Failed to update asset db://assets/Scripts/Player.js, messages: Compile error: SyntaxError: unknown: Unexpected token (29:4)
    
    // use this for initialization
    onLoad: function () {

    },

    at Parser.pp.raise (E:\Program Files\CocosCreater\CocosCreator\resources\app.asar\node_modules\babylon\lib\parser\location.js:24:13)
    at Parser.pp.unexpected (E:\Program Files\CocosCreater\CocosCreator\resources\app.asar\node_modules\babylon\lib\parser\util.js:82:8)
    at Parser.pp.expect (E:\Program Files\CocosCreater\CocosCreator\resources\app.asar\node_modules\babylon\lib\parser\util.js:76:33)
    at Parser.pp.parseObj (E:\Program Files\CocosCreater\CocosCreator\resources\app.asar\node_modules\babylon\lib\parser\expression.js:596:12)
    at Parser.pp.parseExprAtom (E:\Program Files\CocosCreater\CocosCreator\resources\app.asar\node_modules\babylon\lib\parser\expression.js:392:19)
    at Parser.parseExprAtom (E:\Program Files\CocosCreater\CocosCreator\resources\app.asar\node_modules\babylon\lib\plugins\jsx\index.js:412:22)
    at Parser.pp.parseExprSubscripts (E:\Program Files\CocosCreater\CocosCreator\resources\app.asar\node_modules\babylon\lib\parser\expression.js:236:19)
    at Parser.pp.parseMaybeUnary (E:\Program Files\CocosCreater\CocosCreator\resources\app.asar\node_modules\babylon\lib\parser\expression.js:217:19)
    at Parser.pp.parseExprOps (E:\Program Files\CocosCreater\CocosCreator\resources\app.asar\node_modules\babylon\lib\parser\expression.js:163:19)
    at Parser.pp.parseMaybeConditional (E:\Program Files\CocosCreater\CocosCreator\resources\app.asar\node_modules\babylon\lib\parser\expression.js:145:19)
    at Parser.pp.parseMaybeAssign (E:\Program Files\CocosCreater\CocosCreator\resources\app.asar\node_modules\babylon\lib\parser\expression.js:112:19)
    at Parser.pp.parseExprListItem (E:\Program Files\CocosCreater\CocosCreator\resources\app.asar\node_modules\babylon\lib\parser\expression.js:801:16)
    at Parser.parseExprListItem (E:\Program Files\CocosCreater\CocosCreator\resources\app.asar\node_modules\babylon\lib\plugins\flow.js:819:24)
    at Parser.pp.parseExprList (E:\Program Files\CocosCreater\CocosCreator\resources\app.asar\node_modules\babylon\lib\parser\expression.js:789:20)
    at Parser.pp.parseSubscripts (E:\Program Files\CocosCreater\CocosCreator\resources\app.asar\node_modules\babylon\lib\parser\expression.js:270:29)
    at Parser.pp.parseExprSubscripts (E:\Program Files\CocosCreater\CocosCreator\resources\app.asar\node_modules\babylon\lib\parser\expression.js:240:17)
    at e.AssetDB.error (E:\Program Files\CocosCreater\CocosCreator\resources\app.asar\asset-db\lib\utils.js:1:2582)
    at Object.callback (E:\Program Files\CocosCreater\CocosCreator\resources\app.asar\asset-db\core\ipc.js:1:4434)
    at E:\Program Files\CocosCreater\CocosCreator\resources\app.asar\node_modules\async\lib\async.js:906:35
    at _arrayEach (E:\Program Files\CocosCreater\CocosCreator\resources\app.asar\node_modules\async\lib\async.js:85:13)
    at E:\Program Files\CocosCreater\CocosCreator\resources\app.asar\node_modules\async\lib\async.js:898:17
    at E:\Program Files\CocosCreater\CocosCreator\resources\app.asar\node_modules\async\lib\async.js:44:16
    at e.<anonymous> (E:\Program Files\CocosCreater\CocosCreator\resources\app.asar\asset-db\index.js:1:1633)
    at E:\Program Files\CocosCreater\CocosCreator\resources\app.asar\asset-db\lib\tasks.js:1:20698
    at E:\Program Files\CocosCreater\CocosCreator\resources\app.asar\node_modules\async\lib\async.js:52:16
    at E:\Program Files\CocosCreater\CocosCreator\resources\app.asar\node_modules\async\lib\async.js:696:30
    at E:\Program Files\CocosCreater\CocosCreator\resources\app.asar\node_modules\async\lib\async.js:167:37
    at E:\Program Files\CocosCreater\CocosCreator\resources\app.asar\node_modules\async\lib\async.js:1209:30
    at E:\Program Files\CocosCreater\CocosCreator\resources\app.asar\asset-db\lib\tasks.js:1:5473
    at E:\Program Files\CocosCreater\CocosCreator\resources\app.asar\node_modules\async\lib\async.js:726:13
    at E:\Program Files\CocosCreater\CocosCreator\resources\app.asar\node_modules\async\lib\async.js:52:16
2017-02-02T06:52:12.808Z - error: Failed to update asset db://assets/Scripts/Player.js, messages: Compile error: SyntaxError: unknown: Unexpected token (29:4)
    
    // use this for initialization
    onLoad: function () {
        this.jumpAction=this.setJumpAction();
        this.node.runAction(this.setJumpAction);
    },
    at Parser.pp.raise (E:\Program Files\CocosCreater\CocosCreator\resources\app.asar\node_modules\babylon\lib\parser\location.js:24:13)
    at Parser.pp.unexpected (E:\Program Files\CocosCreater\CocosCreator\resources\app.asar\node_modules\babylon\lib\parser\util.js:82:8)
    at Parser.pp.expect (E:\Program Files\CocosCreater\CocosCreator\resources\app.asar\node_modules\babylon\lib\parser\util.js:76:33)
    at Parser.pp.parseObj (E:\Program Files\CocosCreater\CocosCreator\resources\app.asar\node_modules\babylon\lib\parser\expression.js:596:12)
    at Parser.pp.parseExprAtom (E:\Program Files\CocosCreater\CocosCreator\resources\app.asar\node_modules\babylon\lib\parser\expression.js:392:19)
    at Parser.parseExprAtom (E:\Program Files\CocosCreater\CocosCreator\resources\app.asar\node_modules\babylon\lib\plugins\jsx\index.js:412:22)
    at Parser.pp.parseExprSubscripts (E:\Program Files\CocosCreater\CocosCreator\resources\app.asar\node_modules\babylon\lib\parser\expression.js:236:19)
    at Parser.pp.parseMaybeUnary (E:\Program Files\CocosCreater\CocosCreator\resources\app.asar\node_modules\babylon\lib\parser\expression.js:217:19)
    at Parser.pp.parseExprOps (E:\Program Files\CocosCreater\CocosCreator\resources\app.asar\node_modules\babylon\lib\parser\expression.js:163:19)
    at Parser.pp.parseMaybeConditional (E:\Program Files\CocosCreater\CocosCreator\resources\app.asar\node_modules\babylon\lib\parser\expression.js:145:19)
    at Parser.pp.parseMaybeAssign (E:\Program Files\CocosCreater\CocosCreator\resources\app.asar\node_modules\babylon\lib\parser\expression.js:112:19)
    at Parser.pp.parseExprListItem (E:\Program Files\CocosCreater\CocosCreator\resources\app.asar\node_modules\babylon\lib\parser\expression.js:801:16)
    at Parser.parseExprListItem (E:\Program Files\CocosCreater\CocosCreator\resources\app.asar\node_modules\babylon\lib\plugins\flow.js:819:24)
    at Parser.pp.parseExprList (E:\Program Files\CocosCreater\CocosCreator\resources\app.asar\node_modules\babylon\lib\parser\expression.js:789:20)
    at Parser.pp.parseSubscripts (E:\Program Files\CocosCreater\CocosCreator\resources\app.asar\node_modules\babylon\lib\parser\expression.js:270:29)
    at Parser.pp.parseExprSubscripts (E:\Program Files\CocosCreater\CocosCreator\resources\app.asar\node_modules\babylon\lib\parser\expression.js:240:17)
    at e.AssetDB.error (E:\Program Files\CocosCreater\CocosCreator\resources\app.asar\asset-db\lib\utils.js:1:2582)
    at Object.callback (E:\Program Files\CocosCreater\CocosCreator\resources\app.asar\asset-db\core\ipc.js:1:4434)
    at E:\Program Files\CocosCreater\CocosCreator\resources\app.asar\node_modules\async\lib\async.js:906:35
    at _arrayEach (E:\Program Files\CocosCreater\CocosCreator\resources\app.asar\node_modules\async\lib\async.js:85:13)
    at E:\Program Files\CocosCreater\CocosCreator\resources\app.asar\node_modules\async\lib\async.js:898:17
    at E:\Program Files\CocosCreater\CocosCreator\resources\app.asar\node_modules\async\lib\async.js:44:16
    at e.<anonymous> (E:\Program Files\CocosCreater\CocosCreator\resources\app.asar\asset-db\index.js:1:1633)
    at E:\Program Files\CocosCreater\CocosCreator\resources\app.asar\asset-db\lib\tasks.js:1:20698
    at E:\Program Files\CocosCreater\CocosCreator\resources\app.asar\node_modules\async\lib\async.js:52:16
    at E:\Program Files\CocosCreater\CocosCreator\resources\app.asar\node_modules\async\lib\async.js:696:30
    at E:\Program Files\CocosCreater\CocosCreator\resources\app.asar\node_modules\async\lib\async.js:167:37
    at E:\Program Files\CocosCreater\CocosCreator\resources\app.asar\node_modules\async\lib\async.js:1209:30
    at E:\Program Files\CocosCreater\CocosCreator\resources\app.asar\asset-db\lib\tasks.js:1:5473
    at E:\Program Files\CocosCreater\CocosCreator\resources\app.asar\node_modules\async\lib\async.js:726:13
    at E:\Program Files\CocosCreater\CocosCreator\resources\app.asar\node_modules\async\lib\async.js:52:16
2017-02-02T07:12:37.851Z - normal: Compiled successfully
2017-02-03T02:15:00.422Z - error: Window "window-1486018114069" crashed: [object Object]
    at WebContents.<anonymous> (E:\Program Files\CocosCreater\CocosCreator\resources\app.asar\editor-framework\lib\main\window.js:1:3245)
    at emitOne (events.js:96:13)
    at WebContents.emit (events.js:188:7)
2017-02-03T02:15:00.450Z - error: Window "main" crashed: [object Object]
    at WebContents.<anonymous> (E:\Program Files\CocosCreater\CocosCreator\resources\app.asar\editor-framework\lib\main\window.js:1:3245)
    at emitOne (events.js:96:13)
    at WebContents.emit (events.js:188:7)
